<?xml version="1.0" encoding="UTF-8"?>
<testng-results skipped="0" failed="1" total="2" passed="1">
  <reporter-output>
  </reporter-output>
  <suite name="Default suite" duration-ms="42764" started-at="2018-09-03T16:42:39Z" finished-at="2018-09-03T16:43:21Z">
    <groups>
    </groups>
    <test name="Default test" duration-ms="42764" started-at="2018-09-03T16:42:39Z" finished-at="2018-09-03T16:43:21Z">
      <class name="tree.ProgressBar2">
        <test-method status="PASS" signature="before()[pri:0, instance:tree.ProgressBar2@c9d448]" name="before" is-config="true" duration-ms="141" started-at="2018-09-03T22:12:39Z" finished-at="2018-09-03T22:12:39Z">
          <reporter-output>
          </reporter-output>
        </test-method> <!-- before -->
        <test-method status="PASS" signature="f()[pri:0, instance:tree.ProgressBar2@c9d448]" name="f" duration-ms="19149" started-at="2018-09-03T22:12:39Z" finished-at="2018-09-03T22:12:58Z">
          <reporter-output>
          </reporter-output>
        </test-method> <!-- f -->
        <test-method status="PASS" signature="g(org.testng.ITestResult)[pri:0, instance:tree.ProgressBar2@c9d448]" name="g" is-config="true" duration-ms="0" started-at="2018-09-03T22:12:58Z" finished-at="2018-09-03T22:12:58Z">
          <params>
            <param index="0">
              <value>
                <![CDATA[[TestResult name=f status=SUCCESS method=ProgressBar2.f()[pri:0, instance:tree.ProgressBar2@c9d448] output={null}]]]>
              </value>
            </param>
          </params>
          <reporter-output>
          </reporter-output>
        </test-method> <!-- g -->
        <test-method status="FAIL" signature="f1()[pri:0, instance:tree.ProgressBar2@c9d448]" name="f1" duration-ms="13423" started-at="2018-09-03T22:12:58Z" finished-at="2018-09-03T22:13:11Z">
          <exception class="junit.framework.ComparisonFailure">
            <message>
              <![CDATA[expected:<[https://www.amazon.in/]> but was:<[ww]>]]>
            </message>
            <full-stacktrace>
              <![CDATA[junit.framework.ComparisonFailure: expected:<[https://www.amazon.in/]> but was:<[ww]>
	at junit.framework.Assert.assertEquals(Assert.java:100)
	at junit.framework.Assert.assertEquals(Assert.java:107)
	at tree.ProgressBar2.f1(ProgressBar2.java:105)
	at sun.reflect.NativeMethodAccessorImpl.invoke0(Native Method)
	at sun.reflect.NativeMethodAccessorImpl.invoke(Unknown Source)
	at sun.reflect.DelegatingMethodAccessorImpl.invoke(Unknown Source)
	at java.lang.reflect.Method.invoke(Unknown Source)
	at org.testng.internal.MethodInvocationHelper.invokeMethod(MethodInvocationHelper.java:85)
	at org.testng.internal.Invoker.invokeMethod(Invoker.java:639)
	at org.testng.internal.Invoker.invokeTestMethod(Invoker.java:816)
	at org.testng.internal.Invoker.invokeTestMethods(Invoker.java:1124)
	at org.testng.internal.TestMethodWorker.invokeTestMethods(TestMethodWorker.java:125)
	at org.testng.internal.TestMethodWorker.run(TestMethodWorker.java:108)
	at org.testng.TestRunner.privateRun(TestRunner.java:774)
	at org.testng.TestRunner.run(TestRunner.java:624)
	at org.testng.SuiteRunner.runTest(SuiteRunner.java:359)
	at org.testng.SuiteRunner.runSequentially(SuiteRunner.java:354)
	at org.testng.SuiteRunner.privateRun(SuiteRunner.java:312)
	at org.testng.SuiteRunner.run(SuiteRunner.java:261)
	at org.testng.SuiteRunnerWorker.runSuite(SuiteRunnerWorker.java:52)
	at org.testng.SuiteRunnerWorker.run(SuiteRunnerWorker.java:86)
	at org.testng.TestNG.runSuitesSequentially(TestNG.java:1215)
	at org.testng.TestNG.runSuitesLocally(TestNG.java:1140)
	at org.testng.TestNG.run(TestNG.java:1048)
	at org.testng.remote.AbstractRemoteTestNG.run(AbstractRemoteTestNG.java:114)
	at org.testng.remote.RemoteTestNG.initAndRun(RemoteTestNG.java:251)
	at org.testng.remote.RemoteTestNG.main(RemoteTestNG.java:77)
]]>
            </full-stacktrace>
          </exception> <!-- junit.framework.ComparisonFailure -->
          <reporter-output>
          </reporter-output>
        </test-method> <!-- f1 -->
        <test-method status="PASS" signature="g(org.testng.ITestResult)[pri:0, instance:tree.ProgressBar2@c9d448]" name="g" is-config="true" duration-ms="0" started-at="2018-09-03T22:13:11Z" finished-at="2018-09-03T22:13:11Z">
          <params>
            <param index="0">
              <value>
                <![CDATA[[TestResult name=f1 status=FAILURE method=ProgressBar2.f1()[pri:0, instance:tree.ProgressBar2@c9d448] output={null}]]]>
              </value>
            </param>
          </params>
          <reporter-output>
          </reporter-output>
        </test-method> <!-- g -->
        <test-method status="PASS" signature="after()[pri:0, instance:tree.ProgressBar2@c9d448]" name="after" is-config="true" duration-ms="10008" started-at="2018-09-03T22:13:11Z" finished-at="2018-09-03T22:13:21Z">
          <reporter-output>
          </reporter-output>
        </test-method> <!-- after -->
      </class> <!-- tree.ProgressBar2 -->
    </test> <!-- Default test -->
  </suite> <!-- Default suite -->
</testng-results>
